# JRE version: Java(TM) SE Runtime Environment (8.0_101-b13) (build 1.8.0_101-b13)
# Java VM: Java HotSpot(TM) 64-Bit Server VM (25.101-b13 mixed mode windows-amd64 compressed oops)
Heap:
 PSYoungGen      total 228864K, used 68654K [0x00000000e0a00000, 0x00000000f0300000, 0x0000000100000000)
  eden space 212480K, 24% used [0x00000000e0a00000,0x00000000e3d60ed8,0x00000000ed980000)
  from space 16384K, 97% used [0x00000000ef300000,0x00000000f02aabc8,0x00000000f0300000)
  to   space 20992K, 0% used [0x00000000eda00000,0x00000000eda00000,0x00000000eee80000)
 ParOldGen       total 115200K, used 34113K [0x00000000a1e00000, 0x00000000a8e80000, 0x00000000e0a00000)
  object space 115200K, 29% used [0x00000000a1e00000,0x00000000a3f50640,0x00000000a8e80000)
 Metaspace       used 79098K, capacity 82716K, committed 82836K, reserved 1120256K
  class space    used 10689K, capacity 11311K, committed 11412K, reserved 1048576K
GC Heap History (10 events):
Event: 28.813 GC heap before
{Heap before GC invocations=13 (full 2):
 PSYoungGen      total 152064K, used 152006K [0x00000000e0a00000, 0x00000000eaf80000, 0x0000000100000000)
  eden space 145408K, 100% used [0x00000000e0a00000,0x00000000e9800000,0x00000000e9800000)
  from space 6656K, 99% used [0x00000000ea900000,0x00000000eaf719e0,0x00000000eaf80000)
  to   space 11776K, 0% used [0x00000000e9880000,0x00000000e9880000,0x00000000ea400000)
 ParOldGen       total 77824K, used 18432K [0x00000000a1e00000, 0x00000000a6a00000, 0x00000000e0a00000)
  object space 77824K, 23% used [0x00000000a1e00000,0x00000000a3000200,0x00000000a6a00000)
 Metaspace       used 46986K, capacity 49104K, committed 49368K, reserved 1091584K
  class space    used 5879K, capacity 6280K, committed 6360K, reserved 1048576K
Event: 28.859 GC heap after
Heap after GC invocations=13 (full 2):
 PSYoungGen      total 157696K, used 11752K [0x00000000e0a00000, 0x00000000ed900000, 0x0000000100000000)
  eden space 145920K, 0% used [0x00000000e0a00000,0x00000000e0a00000,0x00000000e9880000)
  from space 11776K, 99% used [0x00000000e9880000,0x00000000ea3fa228,0x00000000ea400000)
  to   space 14336K, 0% used [0x00000000ecb00000,0x00000000ecb00000,0x00000000ed900000)
 ParOldGen       total 77824K, used 22060K [0x00000000a1e00000, 0x00000000a6a00000, 0x00000000e0a00000)
  object space 77824K, 28% used [0x00000000a1e00000,0x00000000a338b0e0,0x00000000a6a00000)
 Metaspace       used 46986K, capacity 49104K, committed 49368K, reserved 1091584K
  class space    used 5879K, capacity 6280K, committed 6360K, reserved 1048576K
}
Event: 33.979 GC heap before
{Heap before GC invocations=14 (full 2):
 PSYoungGen      total 157696K, used 151518K [0x00000000e0a00000, 0x00000000ed900000, 0x0000000100000000)
  eden space 145920K, 95% used [0x00000000e0a00000,0x00000000e927d6e8,0x00000000e9880000)
  from space 11776K, 99% used [0x00000000e9880000,0x00000000ea3fa228,0x00000000ea400000)
  to   space 14336K, 0% used [0x00000000ecb00000,0x00000000ecb00000,0x00000000ed900000)
 ParOldGen       total 77824K, used 22060K [0x00000000a1e00000, 0x00000000a6a00000, 0x00000000e0a00000)
  object space 77824K, 28% used [0x00000000a1e00000,0x00000000a338b0e0,0x00000000a6a00000)
 Metaspace       used 56706K, capacity 58864K, committed 59028K, reserved 1099776K
  class space    used 7402K, capacity 7806K, committed 7828K, reserved 1048576K
Event: 34.025 GC heap after
Heap after GC invocations=14 (full 2):
 PSYoungGen      total 193536K, used 14319K [0x00000000e0a00000, 0x00000000ee100000, 0x0000000100000000)
  eden space 179200K, 0% used [0x00000000e0a00000,0x00000000e0a00000,0x00000000eb900000)
  from space 14336K, 99% used [0x00000000ecb00000,0x00000000ed8fbd80,0x00000000ed900000)
  to   space 18432K, 0% used [0x00000000eb900000,0x00000000eb900000,0x00000000ecb00000)
 ParOldGen       total 77824K, used 28806K [0x00000000a1e00000, 0x00000000a6a00000, 0x00000000e0a00000)
  object space 77824K, 37% used [0x00000000a1e00000,0x00000000a3a219b8,0x00000000a6a00000)
 Metaspace       used 56706K, capacity 58864K, committed 59028K, reserved 1099776K
  class space    used 7402K, capacity 7806K, committed 7828K, reserved 1048576K
}
Event: 34.025 GC heap before
{Heap before GC invocations=15 (full 3):
 PSYoungGen      total 193536K, used 14319K [0x00000000e0a00000, 0x00000000ee100000, 0x0000000100000000)
  eden space 179200K, 0% used [0x00000000e0a00000,0x00000000e0a00000,0x00000000eb900000)
  from space 14336K, 99% used [0x00000000ecb00000,0x00000000ed8fbd80,0x00000000ed900000)
  to   space 18432K, 0% used [0x00000000eb900000,0x00000000eb900000,0x00000000ecb00000)
 ParOldGen       total 77824K, used 28806K [0x00000000a1e00000, 0x00000000a6a00000, 0x00000000e0a00000)
  object space 77824K, 37% used [0x00000000a1e00000,0x00000000a3a219b8,0x00000000a6a00000)
 Metaspace       used 56706K, capacity 58864K, committed 59028K, reserved 1099776K
  class space    used 7402K, capacity 7806K, committed 7828K, reserved 1048576K
Event: 34.328 GC heap after
Heap after GC invocations=15 (full 3):
 PSYoungGen      total 193536K, used 0K [0x00000000e0a00000, 0x00000000ee100000, 0x0000000100000000)
  eden space 179200K, 0% used [0x00000000e0a00000,0x00000000e0a00000,0x00000000eb900000)
  from space 14336K, 0% used [0x00000000ecb00000,0x00000000ecb00000,0x00000000ed900000)
  to   space 18432K, 0% used [0x00000000eb900000,0x00000000eb900000,0x00000000ecb00000)
 ParOldGen       total 115200K, used 34097K [0x00000000a1e00000, 0x00000000a8e80000, 0x00000000e0a00000)
  object space 115200K, 29% used [0x00000000a1e00000,0x00000000a3f4c640,0x00000000a8e80000)
 Metaspace       used 56706K, capacity 58864K, committed 59028K, reserved 1099776K
  class space    used 7402K, capacity 7806K, committed 7828K, reserved 1048576K
}
Event: 42.822 GC heap before
{Heap before GC invocations=16 (full 3):
 PSYoungGen      total 193536K, used 179200K [0x00000000e0a00000, 0x00000000ee100000, 0x0000000100000000)
  eden space 179200K, 100% used [0x00000000e0a00000,0x00000000eb900000,0x00000000eb900000)
  from space 14336K, 0% used [0x00000000ecb00000,0x00000000ecb00000,0x00000000ed900000)
  to   space 18432K, 0% used [0x00000000eb900000,0x00000000eb900000,0x00000000ecb00000)
 ParOldGen       total 115200K, used 34097K [0x00000000a1e00000, 0x00000000a8e80000, 0x00000000e0a00000)
  object space 115200K, 29% used [0x00000000a1e00000,0x00000000a3f4c640,0x00000000a8e80000)
 Metaspace       used 67507K, capacity 70582K, committed 70804K, reserved 1110016K
  class space    used 9038K, capacity 9572K, committed 9620K, reserved 1048576K
Event: 42.871 GC heap after
Heap after GC invocations=16 (full 3):
 PSYoungGen      total 197632K, used 14030K [0x00000000e0a00000, 0x00000000f0600000, 0x0000000100000000)
  eden space 179200K, 0% used [0x00000000e0a00000,0x00000000e0a00000,0x00000000eb900000)
  from space 18432K, 76% used [0x00000000eb900000,0x00000000ec6b39d8,0x00000000ecb00000)
  to   space 19456K, 0% used [0x00000000ef300000,0x00000000ef300000,0x00000000f0600000)
 ParOldGen       total 115200K, used 34105K [0x00000000a1e00000, 0x00000000a8e80000, 0x00000000e0a00000)
  object space 115200K, 29% used [0x00000000a1e00000,0x00000000a3f4e640,0x00000000a8e80000)
 Metaspace       used 67507K, capacity 70582K, committed 70804K, reserved 1110016K
  class space    used 9038K, capacity 9572K, committed 9620K, reserved 1048576K
}
Event: 86.747 GC heap before
{Heap before GC invocations=17 (full 3):
 PSYoungGen      total 197632K, used 193230K [0x00000000e0a00000, 0x00000000f0600000, 0x0000000100000000)
  eden space 179200K, 100% used [0x00000000e0a00000,0x00000000eb900000,0x00000000eb900000)
  from space 18432K, 76% used [0x00000000eb900000,0x00000000ec6b39d8,0x00000000ecb00000)
  to   space 19456K, 0% used [0x00000000ef300000,0x00000000ef300000,0x00000000f0600000)
 ParOldGen       total 115200K, used 34105K [0x00000000a1e00000, 0x00000000a8e80000, 0x00000000e0a00000)
  object space 115200K, 29% used [0x00000000a1e00000,0x00000000a3f4e640,0x00000000a8e80000)
 Metaspace       used 75483K, capacity 78984K, committed 79252K, reserved 1118208K
  class space    used 10205K, capacity 10807K, committed 10900K, reserved 1048576K
Event: 86.781 GC heap after
Heap after GC invocations=17 (full 3):
 PSYoungGen      total 228864K, used 16042K [0x00000000e0a00000, 0x00000000f0300000, 0x0000000100000000)
  eden space 212480K, 0% used [0x00000000e0a00000,0x00000000e0a00000,0x00000000ed980000)
  from space 16384K, 97% used [0x00000000ef300000,0x00000000f02aabc8,0x00000000f0300000)
  to   space 20992K, 0% used [0x00000000eda00000,0x00000000eda00000,0x00000000eee80000)
 ParOldGen       total 115200K, used 34113K [0x00000000a1e00000, 0x00000000a8e80000, 0x00000000e0a00000)
  object space 115200K, 29% used [0x00000000a1e00000,0x00000000a3f50640,0x00000000a8e80000)
 Metaspace       used 75483K, capacity 78984K, committed 79252K, reserved 1118208K
  class space    used 10205K, capacity 10807K, committed 10900K, reserved 1048576K
}

