# JRE version: Java(TM) SE Runtime Environment (8.0_101-b13) (build 1.8.0_101-b13)
# Java VM: Java HotSpot(TM) 64-Bit Server VM (25.101-b13 mixed mode windows-amd64 compressed oops)
Heap:
 PSYoungGen      total 253440K, used 32790K [0x00000000e0a00000, 0x00000000f1900000, 0x0000000100000000)
  eden space 236544K, 6% used [0x00000000e0a00000,0x00000000e1986360,0x00000000ef100000)
  from space 16896K, 99% used [0x00000000f0880000,0x00000000f18ff898,0x00000000f1900000)
  to   space 19968K, 0% used [0x00000000ef200000,0x00000000ef200000,0x00000000f0580000)
 ParOldGen       total 112640K, used 34951K [0x00000000a1e00000, 0x00000000a8c00000, 0x00000000e0a00000)
  object space 112640K, 31% used [0x00000000a1e00000,0x00000000a4021e38,0x00000000a8c00000)
 Metaspace       used 78489K, capacity 82136K, committed 82176K, reserved 1120256K
  class space    used 10599K, capacity 11231K, committed 11264K, reserved 1048576K
GC Heap History (10 events):
Event: 29.336 GC heap before
{Heap before GC invocations=13 (full 2):
 PSYoungGen      total 166400K, used 166105K [0x00000000e0a00000, 0x00000000ebf00000, 0x0000000100000000)
  eden space 159744K, 100% used [0x00000000e0a00000,0x00000000ea600000,0x00000000ea600000)
  from space 6656K, 95% used [0x00000000eb880000,0x00000000ebeb6708,0x00000000ebf00000)
  to   space 11776K, 0% used [0x00000000ea800000,0x00000000ea800000,0x00000000eb380000)
 ParOldGen       total 72704K, used 17355K [0x00000000a1e00000, 0x00000000a6500000, 0x00000000e0a00000)
  object space 72704K, 23% used [0x00000000a1e00000,0x00000000a2ef2f00,0x00000000a6500000)
 Metaspace       used 48737K, capacity 50844K, committed 51072K, reserved 1093632K
  class space    used 6131K, capacity 6514K, committed 6528K, reserved 1048576K
Event: 29.371 GC heap after
Heap after GC invocations=13 (full 2):
 PSYoungGen      total 173568K, used 11758K [0x00000000e0a00000, 0x00000000eed80000, 0x0000000100000000)
  eden space 161792K, 0% used [0x00000000e0a00000,0x00000000e0a00000,0x00000000ea800000)
  from space 11776K, 99% used [0x00000000ea800000,0x00000000eb37b988,0x00000000eb380000)
  to   space 15360K, 0% used [0x00000000ede80000,0x00000000ede80000,0x00000000eed80000)
 ParOldGen       total 72704K, used 23409K [0x00000000a1e00000, 0x00000000a6500000, 0x00000000e0a00000)
  object space 72704K, 32% used [0x00000000a1e00000,0x00000000a34dc630,0x00000000a6500000)
 Metaspace       used 48737K, capacity 50844K, committed 51072K, reserved 1093632K
  class space    used 6131K, capacity 6514K, committed 6528K, reserved 1048576K
}
Event: 32.976 GC heap before
{Heap before GC invocations=14 (full 2):
 PSYoungGen      total 173568K, used 121640K [0x00000000e0a00000, 0x00000000eed80000, 0x0000000100000000)
  eden space 161792K, 67% used [0x00000000e0a00000,0x00000000e754e8f0,0x00000000ea800000)
  from space 11776K, 99% used [0x00000000ea800000,0x00000000eb37b988,0x00000000eb380000)
  to   space 15360K, 0% used [0x00000000ede80000,0x00000000ede80000,0x00000000eed80000)
 ParOldGen       total 72704K, used 23409K [0x00000000a1e00000, 0x00000000a6500000, 0x00000000e0a00000)
  object space 72704K, 32% used [0x00000000a1e00000,0x00000000a34dc630,0x00000000a6500000)
 Metaspace       used 56751K, capacity 58902K, committed 59008K, reserved 1099776K
  class space    used 7399K, capacity 7803K, committed 7808K, reserved 1048576K
Event: 33.028 GC heap after
Heap after GC invocations=14 (full 2):
 PSYoungGen      total 218112K, used 8569K [0x00000000e0a00000, 0x00000000ef400000, 0x0000000100000000)
  eden space 202752K, 0% used [0x00000000e0a00000,0x00000000e0a00000,0x00000000ed000000)
  from space 15360K, 55% used [0x00000000ede80000,0x00000000ee6de5f0,0x00000000eed80000)
  to   space 14848K, 0% used [0x00000000ed000000,0x00000000ed000000,0x00000000ede80000)
 ParOldGen       total 72704K, used 34750K [0x00000000a1e00000, 0x00000000a6500000, 0x00000000e0a00000)
  object space 72704K, 47% used [0x00000000a1e00000,0x00000000a3fefa30,0x00000000a6500000)
 Metaspace       used 56751K, capacity 58902K, committed 59008K, reserved 1099776K
  class space    used 7399K, capacity 7803K, committed 7808K, reserved 1048576K
}
Event: 33.029 GC heap before
{Heap before GC invocations=15 (full 3):
 PSYoungGen      total 218112K, used 8569K [0x00000000e0a00000, 0x00000000ef400000, 0x0000000100000000)
  eden space 202752K, 0% used [0x00000000e0a00000,0x00000000e0a00000,0x00000000ed000000)
  from space 15360K, 55% used [0x00000000ede80000,0x00000000ee6de5f0,0x00000000eed80000)
  to   space 14848K, 0% used [0x00000000ed000000,0x00000000ed000000,0x00000000ede80000)
 ParOldGen       total 72704K, used 34750K [0x00000000a1e00000, 0x00000000a6500000, 0x00000000e0a00000)
  object space 72704K, 47% used [0x00000000a1e00000,0x00000000a3fefa30,0x00000000a6500000)
 Metaspace       used 56751K, capacity 58902K, committed 59008K, reserved 1099776K
  class space    used 7399K, capacity 7803K, committed 7808K, reserved 1048576K
Event: 33.497 GC heap after
Heap after GC invocations=15 (full 3):
 PSYoungGen      total 218112K, used 0K [0x00000000e0a00000, 0x00000000ef400000, 0x0000000100000000)
  eden space 202752K, 0% used [0x00000000e0a00000,0x00000000e0a00000,0x00000000ed000000)
  from space 15360K, 0% used [0x00000000ede80000,0x00000000ede80000,0x00000000eed80000)
  to   space 14848K, 0% used [0x00000000ed000000,0x00000000ed000000,0x00000000ede80000)
 ParOldGen       total 112640K, used 33080K [0x00000000a1e00000, 0x00000000a8c00000, 0x00000000e0a00000)
  object space 112640K, 29% used [0x00000000a1e00000,0x00000000a3e4e2a8,0x00000000a8c00000)
 Metaspace       used 56751K, capacity 58902K, committed 59008K, reserved 1099776K
  class space    used 7399K, capacity 7803K, committed 7808K, reserved 1048576K
}
Event: 41.644 GC heap before
{Heap before GC invocations=16 (full 3):
 PSYoungGen      total 218112K, used 202752K [0x00000000e0a00000, 0x00000000ef400000, 0x0000000100000000)
  eden space 202752K, 100% used [0x00000000e0a00000,0x00000000ed000000,0x00000000ed000000)
  from space 15360K, 0% used [0x00000000ede80000,0x00000000ede80000,0x00000000eed80000)
  to   space 14848K, 0% used [0x00000000ed000000,0x00000000ed000000,0x00000000ede80000)
 ParOldGen       total 112640K, used 33080K [0x00000000a1e00000, 0x00000000a8c00000, 0x00000000e0a00000)
  object space 112640K, 29% used [0x00000000a1e00000,0x00000000a3e4e2a8,0x00000000a8c00000)
 Metaspace       used 68074K, capacity 71314K, committed 71424K, reserved 1112064K
  class space    used 9139K, capacity 9690K, committed 9728K, reserved 1048576K
Event: 41.676 GC heap after
Heap after GC invocations=16 (full 3):
 PSYoungGen      total 217600K, used 14622K [0x00000000e0a00000, 0x00000000f1900000, 0x0000000100000000)
  eden space 202752K, 0% used [0x00000000e0a00000,0x00000000e0a00000,0x00000000ed000000)
  from space 14848K, 98% used [0x00000000ed000000,0x00000000ede47ad0,0x00000000ede80000)
  to   space 16896K, 0% used [0x00000000f0880000,0x00000000f0880000,0x00000000f1900000)
 ParOldGen       total 112640K, used 33088K [0x00000000a1e00000, 0x00000000a8c00000, 0x00000000e0a00000)
  object space 112640K, 29% used [0x00000000a1e00000,0x00000000a3e502a8,0x00000000a8c00000)
 Metaspace       used 68074K, capacity 71314K, committed 71424K, reserved 1112064K
  class space    used 9139K, capacity 9690K, committed 9728K, reserved 1048576K
}
Event: 328.083 GC heap before
{Heap before GC invocations=17 (full 3):
 PSYoungGen      total 217600K, used 217374K [0x00000000e0a00000, 0x00000000f1900000, 0x0000000100000000)
  eden space 202752K, 100% used [0x00000000e0a00000,0x00000000ed000000,0x00000000ed000000)
  from space 14848K, 98% used [0x00000000ed000000,0x00000000ede47ad0,0x00000000ede80000)
  to   space 16896K, 0% used [0x00000000f0880000,0x00000000f0880000,0x00000000f1900000)
 ParOldGen       total 112640K, used 33088K [0x00000000a1e00000, 0x00000000a8c00000, 0x00000000e0a00000)
  object space 112640K, 29% used [0x00000000a1e00000,0x00000000a3e502a8,0x00000000a8c00000)
 Metaspace       used 78403K, capacity 82072K, committed 82176K, reserved 1120256K
  class space    used 10598K, capacity 11231K, committed 11264K, reserved 1048576K
Event: 328.127 GC heap after
Heap after GC invocations=17 (full 3):
 PSYoungGen      total 253440K, used 16894K [0x00000000e0a00000, 0x00000000f1900000, 0x0000000100000000)
  eden space 236544K, 0% used [0x00000000e0a00000,0x00000000e0a00000,0x00000000ef100000)
  from space 16896K, 99% used [0x00000000f0880000,0x00000000f18ff898,0x00000000f1900000)
  to   space 19968K, 0% used [0x00000000ef200000,0x00000000ef200000,0x00000000f0580000)
 ParOldGen       total 112640K, used 34951K [0x00000000a1e00000, 0x00000000a8c00000, 0x00000000e0a00000)
  object space 112640K, 31% used [0x00000000a1e00000,0x00000000a4021e38,0x00000000a8c00000)
 Metaspace       used 78403K, capacity 82072K, committed 82176K, reserved 1120256K
  class space    used 10598K, capacity 11231K, committed 11264K, reserved 1048576K
}

